[2025-05-07 11:42:51] Día desactivado: 2025-05-01 - Reservas eliminadas: 3
[2025-05-07 11:42:52] Día desactivado: 2025-05-03 - Reservas eliminadas: 0
[2025-05-07 11:42:52] Día desactivado: 2025-05-04 - Reservas eliminadas: 0
[2025-05-07 11:42:52] Día desactivado: 2025-05-05 - Reservas eliminadas: 6
[2025-05-07 11:42:52] Día desactivado: 2025-05-06 - Reservas eliminadas: 0
[2025-05-07 11:42:52] Proceso completado: 20 días desactivados, 9 reservas eliminadas
[2025-05-07 15:18:50] No se encontraron días pasados activos para desactivar
[2025-05-07 16:53:03] No se encontraron días pasados activos para desactivar
[2025-05-09 12:01:31] Día desactivado: 2025-05-08 - Reservas eliminadas: 0
[2025-05-09 12:01:31] Proceso completado: 4 días desactivados, 0 reservas eliminadas
[2025-05-09 12:32:20] No se encontraron días pasados activos para desactivar
[2025-05-09 12:44:10] No se encontraron días pasados activos para desactivar
[2025-05-12 09:04:51] Día desactivado: 2025-05-10 - Reservas eliminadas: 9
[2025-05-12 09:04:51] Día desactivado: 2025-05-11 - Reservas eliminadas: 4
[2025-05-12 09:04:51] Proceso completado: 8 días desactivados, 13 reservas eliminadas
[2025-05-12 09:20:16] No se encontraron días pasados activos para desactivar
[2025-05-12 09:26:16] No se encontraron días pasados activos para desactivar
[2025-05-12 17:45:45] No se encontraron días pasados activos para desactivar
[2025-05-13 09:27:45] No se encontraron días pasados activos para desactivar
[2025-05-13 11:06:58] No se encontraron días pasados activos para desactivar
[2025-05-13 14:14:08] No se encontraron días pasados activos para desactivar
[2025-05-13 15:36:34] No se encontraron días pasados activos para desactivar
[2025-05-13 17:38:45] No se encontraron días pasados activos para desactivar
[2025-05-14 09:26:46] Día desactivado: 2025-05-13 - Reservas eliminadas: 22
[2025-05-14 09:26:46] Proceso completado: 4 días desactivados, 22 reservas eliminadas
[2025-05-14 09:46:32] No se encontraron días pasados activos para desactivar
[2025-05-14 10:06:26] No se encontraron días pasados activos para desactivar
[2025-05-15 13:58:24] Día desactivado: 2025-05-14 - Reservas eliminadas: 4
[2025-05-15 13:58:24] Proceso completado: 4 días desactivados, 4 reservas eliminadas
[2025-05-15 17:20:34] Día desactivado: 2025-05-14 - Reservas archivadas: 1
[2025-05-15 17:20:34] Proceso completado: 4 días desactivados, 1 reservas archivadas
[2025-05-15 09:43:27] Día desactivado: 2025-05-14 - Reservas archivadas: 7
[2025-05-15 09:43:27] Proceso completado: 4 días desactivados, 7 reservas archivadas
[2025-06-04 11:10:41] Día desactivado: 2025-06-02 - Reservas archivadas: 0
[2025-06-04 11:10:41] Día desactivado: 2025-06-03 - Reservas archivadas: 22
[2025-06-04 11:10:41] Proceso completado: 8 días desactivados, 22 reservas archivadas
